0 info it worked if it ends with ok
1 verbose cli [ 'C:\\Program Files (x86)\\nodejs4\\node.exe',
1 verbose cli   'C:\\Users\\Inspiron\\AppData\\Roaming\\npm\\node_modules\\npm\\bin\\npm-cli.js',
1 verbose cli   'install',
1 verbose cli   'ftp' ]
2 info using npm@3.10.6
3 info using node@v4.3.1
4 silly loadCurrentTree Starting
5 silly install loadCurrentTree
6 silly install readLocalPackageData
7 silly fetchPackageMetaData ftp
8 silly fetchNamedPackageData ftp
9 silly mapToRegistry name ftp
10 silly mapToRegistry using default registry
11 silly mapToRegistry registry https://registry.npmjs.org/
12 silly mapToRegistry data Result {
12 silly mapToRegistry   raw: 'ftp',
12 silly mapToRegistry   scope: null,
12 silly mapToRegistry   escapedName: 'ftp',
12 silly mapToRegistry   name: 'ftp',
12 silly mapToRegistry   rawSpec: '',
12 silly mapToRegistry   spec: 'latest',
12 silly mapToRegistry   type: 'tag' }
13 silly mapToRegistry uri https://registry.npmjs.org/ftp
14 verbose request uri https://registry.npmjs.org/ftp
15 verbose request no auth needed
16 info attempt registry request try #1 at 17:17:00
17 verbose request id 528c0864a13bee2f
18 verbose etag W/"58bd22a3-87a0"
19 verbose lastModified Mon, 06 Mar 2017 08:49:39 GMT
20 http request GET https://registry.npmjs.org/ftp
21 http 304 https://registry.npmjs.org/ftp
22 verbose headers { date: 'Wed, 22 Mar 2017 20:17:06 GMT',
22 verbose headers   via: '1.1 varnish',
22 verbose headers   'cache-control': 'max-age=300',
22 verbose headers   etag: 'W/"58bd22a3-87a0"',
22 verbose headers   age: '108',
22 verbose headers   connection: 'keep-alive',
22 verbose headers   'x-served-by': 'cache-gru7122-GRU',
22 verbose headers   'x-cache': 'HIT',
22 verbose headers   'x-cache-hits': '1',
22 verbose headers   'x-timer': 'S1490213826.108800,VS0,VE0',
22 verbose headers   vary: 'Accept-Encoding' }
23 silly get cb [ 304,
23 silly get   { date: 'Wed, 22 Mar 2017 20:17:06 GMT',
23 silly get     via: '1.1 varnish',
23 silly get     'cache-control': 'max-age=300',
23 silly get     etag: 'W/"58bd22a3-87a0"',
23 silly get     age: '108',
23 silly get     connection: 'keep-alive',
23 silly get     'x-served-by': 'cache-gru7122-GRU',
23 silly get     'x-cache': 'HIT',
23 silly get     'x-cache-hits': '1',
23 silly get     'x-timer': 'S1490213826.108800,VS0,VE0',
23 silly get     vary: 'Accept-Encoding' } ]
24 verbose etag https://registry.npmjs.org/ftp from cache
25 verbose get saving ftp to C:\Users\Inspiron\AppData\Roaming\npm-cache\registry.npmjs.org\ftp\.cache.json
26 verbose correctMkdir C:\Users\Inspiron\AppData\Roaming\npm-cache correctMkdir not in flight; initializing
27 silly install normalizeTree
28 silly loadCurrentTree Finishing
29 silly loadIdealTree Starting
30 silly install loadIdealTree
31 silly cloneCurrentTree Starting
32 silly install cloneCurrentTreeToIdealTree
33 silly cloneCurrentTree Finishing
34 silly loadShrinkwrap Starting
35 silly install loadShrinkwrap
36 silly loadShrinkwrap Finishing
37 silly loadAllDepsIntoIdealTree Starting
38 silly install loadAllDepsIntoIdealTree
39 silly rollbackFailedOptional Starting
40 silly rollbackFailedOptional Finishing
41 silly runTopLevelLifecycles Starting
42 silly runTopLevelLifecycles Finishing
43 silly install printInstalled
44 verbose stack Error: Refusing to install ftp as a dependency of itself
44 verbose stack     at checkSelf (C:\Users\Inspiron\AppData\Roaming\npm\node_modules\npm\lib\install\validate-args.js:53:14)
44 verbose stack     at Array.<anonymous> (C:\Users\Inspiron\AppData\Roaming\npm\node_modules\npm\node_modules\slide\lib\bind-actor.js:15:8)
44 verbose stack     at LOOP (C:\Users\Inspiron\AppData\Roaming\npm\node_modules\npm\node_modules\slide\lib\chain.js:15:14)
44 verbose stack     at chain (C:\Users\Inspiron\AppData\Roaming\npm\node_modules\npm\node_modules\slide\lib\chain.js:20:5)
44 verbose stack     at C:\Users\Inspiron\AppData\Roaming\npm\node_modules\npm\lib\install\validate-args.js:16:5
44 verbose stack     at C:\Users\Inspiron\AppData\Roaming\npm\node_modules\npm\node_modules\slide\lib\async-map.js:52:35
44 verbose stack     at Array.forEach (native)
44 verbose stack     at C:\Users\Inspiron\AppData\Roaming\npm\node_modules\npm\node_modules\slide\lib\async-map.js:52:11
44 verbose stack     at Array.forEach (native)
44 verbose stack     at asyncMap (C:\Users\Inspiron\AppData\Roaming\npm\node_modules\npm\node_modules\slide\lib\async-map.js:51:8)
45 verbose cwd C:\Users\Inspiron\Documents\Faculdade\SistemasConvergentes
46 error Windows_NT 6.1.7601
47 error argv "C:\\Program Files (x86)\\nodejs4\\node.exe" "C:\\Users\\Inspiron\\AppData\\Roaming\\npm\\node_modules\\npm\\bin\\npm-cli.js" "install" "ftp"
48 error node v4.3.1
49 error npm  v3.10.6
50 error code ENOSELF
51 error Refusing to install ftp as a dependency of itself
52 error If you need help, you may report this error at:
52 error     <https://github.com/npm/npm/issues>
53 verbose exit [ 1, true ]
